<?xml version="1.0" encoding="UTF-8"?>
<!-- Generated by org.testng.reporters.JUnitReportReporter -->
<testsuite skipped="0" hostname="LAPTOP-PQ879L5N" name="testcases.IncidentVerified" tests="1" failures="0" timestamp="30 Apr 2021 01:06:56 GMT" time="15.958" errors="0">
  <testcase name="grclogin" time="15.958" classname="testcases.IncidentVerified"/>
</testsuite> <!-- testcases.IncidentVerified -->
